<?xml version="1.0" encoding="UTF-8"?>
<coverage generated="1583346742570" clover="3.2.0">
  <project timestamp="1583346742570" name="All files">
    <metrics statements="65" coveredstatements="34" conditionals="6" coveredconditionals="0" methods="28" coveredmethods="8" elements="99" coveredelements="42" complexity="0" loc="65" ncloc="65" packages="2" files="8" classes="8"/>
    <package name="futurehope-ReactNative">
      <metrics statements="33" coveredstatements="15" conditionals="4" coveredconditionals="0" methods="14" coveredmethods="3"/>
      <file name="App.js" path="/Users/ktjhan/Desktop/fh/futurehope-ReactNative/App.js">
        <metrics statements="33" coveredstatements="15" conditionals="4" coveredconditionals="0" methods="14" coveredmethods="3"/>
        <line num="11" count="1" type="stmt"/>
        <line num="12" count="1" type="stmt"/>
        <line num="19" count="1" type="stmt"/>
        <line num="20" count="0" type="stmt"/>
        <line num="21" count="0" type="stmt"/>
        <line num="25" count="1" type="stmt"/>
        <line num="26" count="0" type="stmt"/>
        <line num="27" count="0" type="stmt"/>
        <line num="29" count="0" type="stmt"/>
        <line num="32" count="1" type="stmt"/>
        <line num="33" count="1" type="stmt"/>
        <line num="35" count="1" type="stmt"/>
        <line num="36" count="1" type="stmt"/>
        <line num="38" count="0" type="cond" truecount="0" falsecount="2"/>
        <line num="39" count="0" type="stmt"/>
        <line num="41" count="0" type="stmt"/>
        <line num="46" count="1" type="stmt"/>
        <line num="47" count="1" type="stmt"/>
        <line num="50" count="1" type="stmt"/>
        <line num="51" count="0" type="stmt"/>
        <line num="52" count="0" type="stmt"/>
        <line num="53" count="0" type="stmt"/>
        <line num="55" count="0" type="stmt"/>
        <line num="57" count="0" type="cond" truecount="0" falsecount="2"/>
        <line num="58" count="0" type="stmt"/>
        <line num="59" count="0" type="stmt"/>
        <line num="62" count="0" type="stmt"/>
        <line num="66" count="0" type="stmt"/>
        <line num="67" count="0" type="stmt"/>
        <line num="72" count="1" type="stmt"/>
        <line num="74" count="1" type="stmt"/>
        <line num="76" count="1" type="stmt"/>
        <line num="94" count="1" type="stmt"/>
      </file>
    </package>
    <package name="futurehope-ReactNative.components">
      <metrics statements="32" coveredstatements="19" conditionals="2" coveredconditionals="0" methods="14" coveredmethods="5"/>
      <file name="AddItem.js" path="/Users/ktjhan/Desktop/fh/futurehope-ReactNative/components/AddItem.js">
        <metrics statements="4" coveredstatements="4" conditionals="0" coveredconditionals="0" methods="2" coveredmethods="2"/>
        <line num="5" count="1" type="stmt"/>
        <line num="9" count="2" type="stmt"/>
        <line num="12" count="2" type="stmt"/>
        <line num="20" count="1" type="stmt"/>
      </file>
      <file name="FutureRelease.js" path="/Users/ktjhan/Desktop/fh/futurehope-ReactNative/components/FutureRelease.js">
        <metrics statements="3" coveredstatements="2" conditionals="0" coveredconditionals="0" methods="1" coveredmethods="0"/>
        <line num="11" count="1" type="stmt"/>
        <line num="12" count="0" type="stmt"/>
        <line num="19" count="1" type="stmt"/>
      </file>
      <file name="Header.js" path="/Users/ktjhan/Desktop/fh/futurehope-ReactNative/components/Header.js">
        <metrics statements="5" coveredstatements="4" conditionals="0" coveredconditionals="0" methods="2" coveredmethods="1"/>
        <line num="6" count="1" type="stmt"/>
        <line num="7" count="1" type="stmt"/>
        <line num="9" count="0" type="stmt"/>
        <line num="12" count="1" type="stmt"/>
        <line num="22" count="1" type="stmt"/>
      </file>
      <file name="Home.js" path="/Users/ktjhan/Desktop/fh/futurehope-ReactNative/components/Home.js">
        <metrics statements="3" coveredstatements="3" conditionals="0" coveredconditionals="0" methods="1" coveredmethods="1"/>
        <line num="6" count="1" type="stmt"/>
        <line num="7" count="1" type="stmt"/>
        <line num="20" count="1" type="stmt"/>
      </file>
      <file name="ListItem.js" path="/Users/ktjhan/Desktop/fh/futurehope-ReactNative/components/ListItem.js">
        <metrics statements="4" coveredstatements="2" conditionals="0" coveredconditionals="0" methods="2" coveredmethods="0"/>
        <line num="8" count="1" type="stmt"/>
        <line num="9" count="0" type="stmt"/>
        <line num="13" count="0" type="stmt"/>
        <line num="20" count="1" type="stmt"/>
      </file>
      <file name="NoteTaking.js" path="/Users/ktjhan/Desktop/fh/futurehope-ReactNative/components/NoteTaking.js">
        <metrics statements="3" coveredstatements="2" conditionals="0" coveredconditionals="0" methods="2" coveredmethods="1"/>
        <line num="10" count="1" type="stmt"/>
        <line num="12" count="1" type="stmt"/>
        <line num="17" count="0" type="stmt"/>
      </file>
      <file name="NoteTakingEdit.js" path="/Users/ktjhan/Desktop/fh/futurehope-ReactNative/components/NoteTakingEdit.js">
        <metrics statements="10" coveredstatements="2" conditionals="2" coveredconditionals="0" methods="4" coveredmethods="0"/>
        <line num="5" count="1" type="stmt"/>
        <line num="6" count="0" type="stmt"/>
        <line num="8" count="0" type="stmt"/>
        <line num="10" count="0" type="stmt"/>
        <line num="11" count="0" type="stmt"/>
        <line num="13" count="0" type="cond" truecount="0" falsecount="2"/>
        <line num="14" count="0" type="stmt"/>
        <line num="19" count="0" type="stmt"/>
        <line num="23" count="0" type="stmt"/>
        <line num="33" count="1" type="stmt"/>
      </file>
    </package>
  </project>
</coverage>
