<?xml version="1.0" encoding="UTF-8"?>
<coverage generated="1583261429447" clover="3.2.0">
  <project timestamp="1583261429448" name="All files">
    <metrics statements="61" coveredstatements="28" conditionals="6" coveredconditionals="0" methods="26" coveredmethods="7" elements="93" coveredelements="35" complexity="0" loc="61" ncloc="61" packages="2" files="7" classes="7"/>
    <package name="futurehope-ReactNative">
      <metrics statements="28" coveredstatements="11" conditionals="4" coveredconditionals="0" methods="12" coveredmethods="3"/>
      <file name="App.js" path="/Users/ktjhan/Desktop/futurehope/futurehope-ReactNative/App.js">
        <metrics statements="28" coveredstatements="11" conditionals="4" coveredconditionals="0" methods="12" coveredmethods="3"/>
        <line num="10" count="1" type="stmt"/>
        <line num="11" count="1" type="stmt"/>
        <line num="18" count="1" type="stmt"/>
        <line num="19" count="0" type="stmt"/>
        <line num="20" count="0" type="stmt"/>
        <line num="24" count="1" type="stmt"/>
        <line num="25" count="0" type="stmt"/>
        <line num="26" count="0" type="stmt"/>
        <line num="32" count="1" type="stmt"/>
        <line num="33" count="1" type="stmt"/>
        <line num="34" count="0" type="cond" truecount="0" falsecount="2"/>
        <line num="35" count="0" type="stmt"/>
        <line num="37" count="0" type="stmt"/>
        <line num="42" count="1" type="stmt"/>
        <line num="43" count="1" type="stmt"/>
        <line num="46" count="1" type="stmt"/>
        <line num="47" count="0" type="stmt"/>
        <line num="48" count="0" type="stmt"/>
        <line num="49" count="0" type="stmt"/>
        <line num="50" count="0" type="stmt"/>
        <line num="52" count="0" type="cond" truecount="0" falsecount="2"/>
        <line num="53" count="0" type="stmt"/>
        <line num="54" count="0" type="stmt"/>
        <line num="55" count="0" type="stmt"/>
        <line num="57" count="0" type="stmt"/>
        <line num="61" count="0" type="stmt"/>
        <line num="66" count="1" type="stmt"/>
        <line num="81" count="1" type="stmt"/>
      </file>
    </package>
    <package name="futurehope-ReactNative.components">
      <metrics statements="33" coveredstatements="17" conditionals="2" coveredconditionals="0" methods="14" coveredmethods="4"/>
      <file name="AddItem.js" path="/Users/ktjhan/Desktop/futurehope/futurehope-ReactNative/components/AddItem.js">
        <metrics statements="6" coveredstatements="5" conditionals="0" coveredconditionals="0" methods="3" coveredmethods="1"/>
        <line num="5" count="1" type="stmt"/>
        <line num="7" count="1" type="stmt"/>
        <line num="9" count="1" type="stmt"/>
        <line num="11" count="1" type="stmt"/>
        <line num="14" count="0" type="stmt"/>
        <line num="22" count="1" type="stmt"/>
      </file>
      <file name="Header.js" path="/Users/ktjhan/Desktop/futurehope/futurehope-ReactNative/components/Header.js">
        <metrics statements="3" coveredstatements="3" conditionals="0" coveredconditionals="0" methods="1" coveredmethods="1"/>
        <line num="6" count="1" type="stmt"/>
        <line num="7" count="3" type="stmt"/>
        <line num="16" count="1" type="stmt"/>
      </file>
      <file name="Home.js" path="/Users/ktjhan/Desktop/futurehope/futurehope-ReactNative/components/Home.js">
        <metrics statements="3" coveredstatements="3" conditionals="0" coveredconditionals="0" methods="1" coveredmethods="1"/>
        <line num="6" count="1" type="stmt"/>
        <line num="7" count="3" type="stmt"/>
        <line num="16" count="1" type="stmt"/>
      </file>
      <file name="ListItem.js" path="/Users/ktjhan/Desktop/futurehope/futurehope-ReactNative/components/ListItem.js">
        <metrics statements="4" coveredstatements="2" conditionals="0" coveredconditionals="0" methods="2" coveredmethods="0"/>
        <line num="6" count="1" type="stmt"/>
        <line num="7" count="0" type="stmt"/>
        <line num="11" count="0" type="stmt"/>
        <line num="18" count="1" type="stmt"/>
      </file>
      <file name="NoteTaking.js" path="/Users/ktjhan/Desktop/futurehope/futurehope-ReactNative/components/NoteTaking.js">
        <metrics statements="3" coveredstatements="2" conditionals="0" coveredconditionals="0" methods="2" coveredmethods="1"/>
        <line num="9" count="1" type="stmt"/>
        <line num="10" count="1" type="stmt"/>
        <line num="15" count="0" type="stmt"/>
      </file>
      <file name="NoteTakingEdit.js" path="/Users/ktjhan/Desktop/futurehope/futurehope-ReactNative/components/NoteTakingEdit.js">
        <metrics statements="14" coveredstatements="2" conditionals="2" coveredconditionals="0" methods="5" coveredmethods="0"/>
        <line num="5" count="1" type="stmt"/>
        <line num="7" count="0" type="stmt"/>
        <line num="8" count="0" type="stmt"/>
        <line num="9" count="0" type="stmt"/>
        <line num="11" count="0" type="stmt"/>
        <line num="13" count="0" type="stmt"/>
        <line num="14" count="0" type="stmt"/>
        <line num="16" count="0" type="cond" truecount="0" falsecount="2"/>
        <line num="17" count="0" type="stmt"/>
        <line num="18" count="0" type="stmt"/>
        <line num="22" count="0" type="stmt"/>
        <line num="24" count="0" type="stmt"/>
        <line num="29" count="0" type="stmt"/>
        <line num="37" count="1" type="stmt"/>
      </file>
    </package>
  </project>
</coverage>
