{"/Users/ktjhan/Desktop/futurehope/futurehope-ReactNative/App.js": {"path":"/Users/ktjhan/Desktop/futurehope/futurehope-ReactNative/App.js","statementMap":{"0":{"start":{"line":10,"column":12},"end":{"line":78,"column":1}},"1":{"start":{"line":11,"column":28},"end":{"line":16,"column":4}},"2":{"start":{"line":18,"column":21},"end":{"line":22,"column":3}},"3":{"start":{"line":19,"column":4},"end":{"line":21,"column":7}},"4":{"start":{"line":20,"column":6},"end":{"line":20,"column":53}},"5":{"start":{"line":20,"column":38},"end":{"line":20,"column":51}},"6":{"start":{"line":24,"column":18},"end":{"line":28,"column":3}},"7":{"start":{"line":25,"column":4},"end":{"line":27,"column":7}},"8":{"start":{"line":26,"column":6},"end":{"line":26,"column":67}},"9":{"start":{"line":32,"column":2},"end":{"line":40,"column":8}},"10":{"start":{"line":33,"column":4},"end":{"line":39,"column":6}},"11":{"start":{"line":34,"column":6},"end":{"line":38,"column":7}},"12":{"start":{"line":35,"column":8},"end":{"line":35,"column":35}},"13":{"start":{"line":37,"column":8},"end":{"line":37,"column":20}},"14":{"start":{"line":42,"column":2},"end":{"line":44,"column":13}},"15":{"start":{"line":43,"column":4},"end":{"line":43,"column":65}},"16":{"start":{"line":46,"column":19},"end":{"line":64,"column":3}},"17":{"start":{"line":47,"column":4},"end":{"line":63,"column":7}},"18":{"start":{"line":48,"column":18},"end":{"line":48,"column":20}},"19":{"start":{"line":49,"column":19},"end":{"line":49,"column":21}},"20":{"start":{"line":50,"column":6},"end":{"line":60,"column":9}},"21":{"start":{"line":52,"column":8},"end":{"line":58,"column":12}},"22":{"start":{"line":53,"column":14},"end":{"line":53,"column":24}},"23":{"start":{"line":54,"column":14},"end":{"line":54,"column":38}},"24":{"start":{"line":55,"column":15},"end":{"line":55,"column":43}},"25":{"start":{"line":57,"column":13},"end":{"line":57,"column":27}},"26":{"start":{"line":61,"column":7},"end":{"line":61,"column":41}},"27":{"start":{"line":66,"column":2},"end":{"line":77,"column":3}},"28":{"start":{"line":81,"column":15},"end":{"line":85,"column":2}}},"fnMap":{"0":{"name":"(anonymous_0)","decl":{"start":{"line":10,"column":12},"end":{"line":10,"column":13}},"loc":{"start":{"line":10,"column":18},"end":{"line":78,"column":1}},"line":10},"1":{"name":"(anonymous_1)","decl":{"start":{"line":18,"column":21},"end":{"line":18,"column":22}},"loc":{"start":{"line":18,"column":29},"end":{"line":22,"column":3}},"line":18},"2":{"name":"(anonymous_2)","decl":{"start":{"line":19,"column":13},"end":{"line":19,"column":14}},"loc":{"start":{"line":19,"column":26},"end":{"line":21,"column":5}},"line":19},"3":{"name":"(anonymous_3)","decl":{"start":{"line":20,"column":30},"end":{"line":20,"column":31}},"loc":{"start":{"line":20,"column":38},"end":{"line":20,"column":51}},"line":20},"4":{"name":"(anonymous_4)","decl":{"start":{"line":24,"column":18},"end":{"line":24,"column":19}},"loc":{"start":{"line":24,"column":29},"end":{"line":28,"column":3}},"line":24},"5":{"name":"(anonymous_5)","decl":{"start":{"line":25,"column":13},"end":{"line":25,"column":14}},"loc":{"start":{"line":25,"column":26},"end":{"line":27,"column":5}},"line":25},"6":{"name":"(anonymous_6)","decl":{"start":{"line":32,"column":18},"end":{"line":32,"column":19}},"loc":{"start":{"line":32,"column":24},"end":{"line":40,"column":3}},"line":32},"7":{"name":"(anonymous_7)","decl":{"start":{"line":33,"column":48},"end":{"line":33,"column":49}},"loc":{"start":{"line":33,"column":57},"end":{"line":39,"column":5}},"line":33},"8":{"name":"(anonymous_8)","decl":{"start":{"line":42,"column":18},"end":{"line":42,"column":19}},"loc":{"start":{"line":42,"column":24},"end":{"line":44,"column":3}},"line":42},"9":{"name":"(anonymous_9)","decl":{"start":{"line":46,"column":19},"end":{"line":46,"column":20}},"loc":{"start":{"line":46,"column":36},"end":{"line":64,"column":3}},"line":46},"10":{"name":"(anonymous_10)","decl":{"start":{"line":47,"column":13},"end":{"line":47,"column":14}},"loc":{"start":{"line":47,"column":26},"end":{"line":63,"column":5}},"line":47},"11":{"name":"(anonymous_11)","decl":{"start":{"line":50,"column":20},"end":{"line":50,"column":21}},"loc":{"start":{"line":50,"column":23},"end":{"line":60,"column":8}},"line":50}},"branchMap":{"0":{"loc":{"start":{"line":34,"column":6},"end":{"line":38,"column":7}},"type":"if","locations":[{"start":{"line":34,"column":6},"end":{"line":38,"column":7}},{"start":{"line":34,"column":6},"end":{"line":38,"column":7}}],"line":34},"1":{"loc":{"start":{"line":52,"column":8},"end":{"line":58,"column":12}},"type":"if","locations":[{"start":{"line":52,"column":8},"end":{"line":58,"column":12}},{"start":{"line":52,"column":8},"end":{"line":58,"column":12}}],"line":52}},"s":{"0":1,"1":1,"2":1,"3":0,"4":0,"5":0,"6":1,"7":0,"8":0,"9":1,"10":1,"11":0,"12":0,"13":0,"14":1,"15":1,"16":1,"17":0,"18":0,"19":0,"20":0,"21":0,"22":0,"23":0,"24":0,"25":0,"26":0,"27":1,"28":1},"f":{"0":1,"1":0,"2":0,"3":0,"4":0,"5":0,"6":1,"7":0,"8":1,"9":0,"10":0,"11":0},"b":{"0":[0,0],"1":[0,0]},"_coverageSchema":"43e27e138ebf9cfc5966b082cf9a028302ed4184","hash":"d4eef38727afd64ee31987eab7db2eebd1675e40"}
,"/Users/ktjhan/Desktop/futurehope/futurehope-ReactNative/components/AddItem.js": {"path":"/Users/ktjhan/Desktop/futurehope/futurehope-ReactNative/components/AddItem.js","statementMap":{"0":{"start":{"line":5,"column":16},"end":{"line":19,"column":1}},"1":{"start":{"line":7,"column":28},"end":{"line":7,"column":40}},"2":{"start":{"line":9,"column":21},"end":{"line":9,"column":52}},"3":{"start":{"line":9,"column":34},"end":{"line":9,"column":52}},"4":{"start":{"line":11,"column":4},"end":{"line":18,"column":6}},"5":{"start":{"line":14,"column":67},"end":{"line":14,"column":80}},"6":{"start":{"line":22,"column":15},"end":{"line":38,"column":2}}},"fnMap":{"0":{"name":"(anonymous_0)","decl":{"start":{"line":5,"column":16},"end":{"line":5,"column":17}},"loc":{"start":{"line":5,"column":40},"end":{"line":19,"column":1}},"line":5},"1":{"name":"(anonymous_1)","decl":{"start":{"line":9,"column":21},"end":{"line":9,"column":22}},"loc":{"start":{"line":9,"column":34},"end":{"line":9,"column":52}},"line":9},"2":{"name":"(anonymous_2)","decl":{"start":{"line":14,"column":61},"end":{"line":14,"column":62}},"loc":{"start":{"line":14,"column":67},"end":{"line":14,"column":80}},"line":14}},"branchMap":{},"s":{"0":1,"1":1,"2":1,"3":0,"4":1,"5":0,"6":1},"f":{"0":1,"1":0,"2":0},"b":{},"_coverageSchema":"43e27e138ebf9cfc5966b082cf9a028302ed4184","hash":"b1342a2cbdc0b4400f03d008ed4df471c5c39589"}
,"/Users/ktjhan/Desktop/futurehope/futurehope-ReactNative/components/Header.js": {"path":"/Users/ktjhan/Desktop/futurehope/futurehope-ReactNative/components/Header.js","statementMap":{"0":{"start":{"line":6,"column":15},"end":{"line":13,"column":1}},"1":{"start":{"line":7,"column":4},"end":{"line":12,"column":5}},"2":{"start":{"line":16,"column":15},"end":{"line":31,"column":2}}},"fnMap":{"0":{"name":"(anonymous_0)","decl":{"start":{"line":6,"column":15},"end":{"line":6,"column":16}},"loc":{"start":{"line":6,"column":21},"end":{"line":13,"column":1}},"line":6}},"branchMap":{},"s":{"0":1,"1":3,"2":1},"f":{"0":3},"b":{},"_coverageSchema":"43e27e138ebf9cfc5966b082cf9a028302ed4184","hash":"cf531b4083aa6163585a9b949f5eb3353afb3fd8"}
,"/Users/ktjhan/Desktop/futurehope/futurehope-ReactNative/components/Home.js": {"path":"/Users/ktjhan/Desktop/futurehope/futurehope-ReactNative/components/Home.js","statementMap":{"0":{"start":{"line":6,"column":13},"end":{"line":14,"column":1}},"1":{"start":{"line":7,"column":4},"end":{"line":13,"column":5}},"2":{"start":{"line":16,"column":15},"end":{"line":27,"column":2}}},"fnMap":{"0":{"name":"(anonymous_0)","decl":{"start":{"line":6,"column":13},"end":{"line":6,"column":14}},"loc":{"start":{"line":6,"column":39},"end":{"line":14,"column":1}},"line":6}},"branchMap":{},"s":{"0":1,"1":3,"2":1},"f":{"0":3},"b":{},"_coverageSchema":"43e27e138ebf9cfc5966b082cf9a028302ed4184","hash":"a7e1b8b7d5de1d70a4e81f2d955768da88aaff4d"}
,"/Users/ktjhan/Desktop/futurehope/futurehope-ReactNative/components/ListItem.js": {"path":"/Users/ktjhan/Desktop/futurehope/futurehope-ReactNative/components/ListItem.js","statementMap":{"0":{"start":{"line":6,"column":17},"end":{"line":15,"column":1}},"1":{"start":{"line":7,"column":4},"end":{"line":14,"column":5}},"2":{"start":{"line":11,"column":37},"end":{"line":11,"column":56}},"3":{"start":{"line":18,"column":15},"end":{"line":33,"column":2}}},"fnMap":{"0":{"name":"(anonymous_0)","decl":{"start":{"line":6,"column":17},"end":{"line":6,"column":18}},"loc":{"start":{"line":6,"column":43},"end":{"line":15,"column":1}},"line":6},"1":{"name":"(anonymous_1)","decl":{"start":{"line":11,"column":31},"end":{"line":11,"column":32}},"loc":{"start":{"line":11,"column":37},"end":{"line":11,"column":56}},"line":11}},"branchMap":{},"s":{"0":1,"1":0,"2":0,"3":1},"f":{"0":0,"1":0},"b":{},"_coverageSchema":"43e27e138ebf9cfc5966b082cf9a028302ed4184","hash":"27f7d68c8247e3ff0af2be68bca5c14af5196708"}
,"/Users/ktjhan/Desktop/futurehope/futurehope-ReactNative/components/NoteTaking.js": {"path":"/Users/ktjhan/Desktop/futurehope/futurehope-ReactNative/components/NoteTaking.js","statementMap":{"0":{"start":{"line":9,"column":19},"end":{"line":19,"column":1}},"1":{"start":{"line":10,"column":4},"end":{"line":18,"column":5}},"2":{"start":{"line":15,"column":42},"end":{"line":15,"column":90}}},"fnMap":{"0":{"name":"(anonymous_0)","decl":{"start":{"line":9,"column":19},"end":{"line":9,"column":20}},"loc":{"start":{"line":9,"column":53},"end":{"line":19,"column":1}},"line":9},"1":{"name":"(anonymous_1)","decl":{"start":{"line":15,"column":28},"end":{"line":15,"column":29}},"loc":{"start":{"line":15,"column":42},"end":{"line":15,"column":90}},"line":15}},"branchMap":{},"s":{"0":1,"1":1,"2":0},"f":{"0":1,"1":0},"b":{},"_coverageSchema":"43e27e138ebf9cfc5966b082cf9a028302ed4184","hash":"985b654f5e61bebba6c8bcd82b8dd1020bcbb526"}
,"/Users/ktjhan/Desktop/futurehope/futurehope-ReactNative/components/NoteTakingEdit.js": {"path":"/Users/ktjhan/Desktop/futurehope/futurehope-ReactNative/components/NoteTakingEdit.js","statementMap":{"0":{"start":{"line":5,"column":17},"end":{"line":34,"column":1}},"1":{"start":{"line":7,"column":17},"end":{"line":7,"column":28}},"2":{"start":{"line":8,"column":28},"end":{"line":8,"column":40}},"3":{"start":{"line":9,"column":32},"end":{"line":9,"column":44}},"4":{"start":{"line":11,"column":4},"end":{"line":11,"column":24}},"5":{"start":{"line":13,"column":4},"end":{"line":21,"column":9}},"6":{"start":{"line":14,"column":7},"end":{"line":20,"column":9}},"7":{"start":{"line":16,"column":8},"end":{"line":19,"column":12}},"8":{"start":{"line":17,"column":15},"end":{"line":17,"column":27}},"9":{"start":{"line":18,"column":15},"end":{"line":18,"column":43}},"10":{"start":{"line":22,"column":21},"end":{"line":22,"column":52}},"11":{"start":{"line":22,"column":34},"end":{"line":22,"column":52}},"12":{"start":{"line":24,"column":4},"end":{"line":33,"column":6}},"13":{"start":{"line":29,"column":67},"end":{"line":29,"column":92}},"14":{"start":{"line":37,"column":15},"end":{"line":57,"column":2}}},"fnMap":{"0":{"name":"(anonymous_0)","decl":{"start":{"line":5,"column":17},"end":{"line":5,"column":18}},"loc":{"start":{"line":5,"column":42},"end":{"line":34,"column":1}},"line":5},"1":{"name":"(anonymous_1)","decl":{"start":{"line":13,"column":20},"end":{"line":13,"column":21}},"loc":{"start":{"line":13,"column":24},"end":{"line":21,"column":5}},"line":13},"2":{"name":"(anonymous_2)","decl":{"start":{"line":14,"column":21},"end":{"line":14,"column":22}},"loc":{"start":{"line":14,"column":24},"end":{"line":20,"column":8}},"line":14},"3":{"name":"(anonymous_3)","decl":{"start":{"line":22,"column":21},"end":{"line":22,"column":22}},"loc":{"start":{"line":22,"column":34},"end":{"line":22,"column":52}},"line":22},"4":{"name":"(anonymous_4)","decl":{"start":{"line":29,"column":61},"end":{"line":29,"column":62}},"loc":{"start":{"line":29,"column":67},"end":{"line":29,"column":92}},"line":29}},"branchMap":{"0":{"loc":{"start":{"line":16,"column":8},"end":{"line":19,"column":12}},"type":"if","locations":[{"start":{"line":16,"column":8},"end":{"line":19,"column":12}},{"start":{"line":16,"column":8},"end":{"line":19,"column":12}}],"line":16}},"s":{"0":1,"1":0,"2":0,"3":0,"4":0,"5":0,"6":0,"7":0,"8":0,"9":0,"10":0,"11":0,"12":0,"13":0,"14":1},"f":{"0":0,"1":0,"2":0,"3":0,"4":0},"b":{"0":[0,0]},"_coverageSchema":"43e27e138ebf9cfc5966b082cf9a028302ed4184","hash":"6136d57492e5dc8be676adbfb736ac7f546bad03"}
}
