{"/Users/ktjhan/Desktop/fh/futurehope-ReactNative/App.js": {"path":"/Users/ktjhan/Desktop/fh/futurehope-ReactNative/App.js","statementMap":{"0":{"start":{"line":11,"column":12},"end":{"line":91,"column":1}},"1":{"start":{"line":12,"column":28},"end":{"line":17,"column":4}},"2":{"start":{"line":19,"column":21},"end":{"line":23,"column":3}},"3":{"start":{"line":20,"column":4},"end":{"line":22,"column":7}},"4":{"start":{"line":21,"column":6},"end":{"line":21,"column":53}},"5":{"start":{"line":21,"column":38},"end":{"line":21,"column":51}},"6":{"start":{"line":25,"column":18},"end":{"line":30,"column":3}},"7":{"start":{"line":26,"column":4},"end":{"line":28,"column":7}},"8":{"start":{"line":27,"column":6},"end":{"line":27,"column":67}},"9":{"start":{"line":29,"column":4},"end":{"line":29,"column":15}},"10":{"start":{"line":32,"column":26},"end":{"line":32,"column":38}},"11":{"start":{"line":33,"column":21},"end":{"line":33,"column":52}},"12":{"start":{"line":33,"column":34},"end":{"line":33,"column":52}},"13":{"start":{"line":35,"column":2},"end":{"line":44,"column":8}},"14":{"start":{"line":36,"column":4},"end":{"line":43,"column":6}},"15":{"start":{"line":38,"column":6},"end":{"line":42,"column":7}},"16":{"start":{"line":39,"column":8},"end":{"line":39,"column":35}},"17":{"start":{"line":41,"column":8},"end":{"line":41,"column":20}},"18":{"start":{"line":46,"column":2},"end":{"line":48,"column":13}},"19":{"start":{"line":47,"column":4},"end":{"line":47,"column":65}},"20":{"start":{"line":50,"column":19},"end":{"line":70,"column":3}},"21":{"start":{"line":51,"column":4},"end":{"line":69,"column":7}},"22":{"start":{"line":52,"column":19},"end":{"line":52,"column":21}},"23":{"start":{"line":53,"column":19},"end":{"line":53,"column":21}},"24":{"start":{"line":55,"column":6},"end":{"line":65,"column":8}},"25":{"start":{"line":57,"column":8},"end":{"line":63,"column":9}},"26":{"start":{"line":58,"column":10},"end":{"line":58,"column":20}},"27":{"start":{"line":59,"column":10},"end":{"line":59,"column":34}},"28":{"start":{"line":62,"column":10},"end":{"line":62,"column":24}},"29":{"start":{"line":66,"column":6},"end":{"line":66,"column":42}},"30":{"start":{"line":67,"column":6},"end":{"line":67,"column":17}},"31":{"start":{"line":72,"column":26},"end":{"line":72,"column":38}},"32":{"start":{"line":74,"column":23},"end":{"line":74,"column":54}},"33":{"start":{"line":74,"column":36},"end":{"line":74,"column":54}},"34":{"start":{"line":76,"column":2},"end":{"line":90,"column":3}},"35":{"start":{"line":94,"column":15},"end":{"line":98,"column":2}}},"fnMap":{"0":{"name":"(anonymous_0)","decl":{"start":{"line":11,"column":12},"end":{"line":11,"column":13}},"loc":{"start":{"line":11,"column":18},"end":{"line":91,"column":1}},"line":11},"1":{"name":"(anonymous_1)","decl":{"start":{"line":19,"column":21},"end":{"line":19,"column":22}},"loc":{"start":{"line":19,"column":29},"end":{"line":23,"column":3}},"line":19},"2":{"name":"(anonymous_2)","decl":{"start":{"line":20,"column":13},"end":{"line":20,"column":14}},"loc":{"start":{"line":20,"column":26},"end":{"line":22,"column":5}},"line":20},"3":{"name":"(anonymous_3)","decl":{"start":{"line":21,"column":30},"end":{"line":21,"column":31}},"loc":{"start":{"line":21,"column":38},"end":{"line":21,"column":51}},"line":21},"4":{"name":"(anonymous_4)","decl":{"start":{"line":25,"column":18},"end":{"line":25,"column":19}},"loc":{"start":{"line":25,"column":29},"end":{"line":30,"column":3}},"line":25},"5":{"name":"(anonymous_5)","decl":{"start":{"line":26,"column":13},"end":{"line":26,"column":14}},"loc":{"start":{"line":26,"column":26},"end":{"line":28,"column":5}},"line":26},"6":{"name":"(anonymous_6)","decl":{"start":{"line":33,"column":21},"end":{"line":33,"column":22}},"loc":{"start":{"line":33,"column":34},"end":{"line":33,"column":52}},"line":33},"7":{"name":"(anonymous_7)","decl":{"start":{"line":35,"column":18},"end":{"line":35,"column":19}},"loc":{"start":{"line":35,"column":24},"end":{"line":44,"column":3}},"line":35},"8":{"name":"(anonymous_8)","decl":{"start":{"line":36,"column":48},"end":{"line":36,"column":49}},"loc":{"start":{"line":36,"column":57},"end":{"line":43,"column":5}},"line":36},"9":{"name":"(anonymous_9)","decl":{"start":{"line":46,"column":18},"end":{"line":46,"column":19}},"loc":{"start":{"line":46,"column":24},"end":{"line":48,"column":3}},"line":46},"10":{"name":"(anonymous_10)","decl":{"start":{"line":50,"column":19},"end":{"line":50,"column":20}},"loc":{"start":{"line":50,"column":36},"end":{"line":70,"column":3}},"line":50},"11":{"name":"(anonymous_11)","decl":{"start":{"line":51,"column":13},"end":{"line":51,"column":14}},"loc":{"start":{"line":51,"column":26},"end":{"line":69,"column":5}},"line":51},"12":{"name":"(anonymous_12)","decl":{"start":{"line":55,"column":20},"end":{"line":55,"column":21}},"loc":{"start":{"line":55,"column":25},"end":{"line":65,"column":7}},"line":55},"13":{"name":"(anonymous_13)","decl":{"start":{"line":74,"column":23},"end":{"line":74,"column":24}},"loc":{"start":{"line":74,"column":36},"end":{"line":74,"column":54}},"line":74}},"branchMap":{"0":{"loc":{"start":{"line":38,"column":6},"end":{"line":42,"column":7}},"type":"if","locations":[{"start":{"line":38,"column":6},"end":{"line":42,"column":7}},{"start":{"line":38,"column":6},"end":{"line":42,"column":7}}],"line":38},"1":{"loc":{"start":{"line":57,"column":8},"end":{"line":63,"column":9}},"type":"if","locations":[{"start":{"line":57,"column":8},"end":{"line":63,"column":9}},{"start":{"line":57,"column":8},"end":{"line":63,"column":9}}],"line":57}},"s":{"0":1,"1":1,"2":1,"3":0,"4":0,"5":0,"6":1,"7":0,"8":0,"9":0,"10":1,"11":1,"12":0,"13":1,"14":1,"15":0,"16":0,"17":0,"18":1,"19":1,"20":1,"21":0,"22":0,"23":0,"24":0,"25":0,"26":0,"27":0,"28":0,"29":0,"30":0,"31":1,"32":1,"33":0,"34":1,"35":1},"f":{"0":1,"1":0,"2":0,"3":0,"4":0,"5":0,"6":0,"7":1,"8":0,"9":1,"10":0,"11":0,"12":0,"13":0},"b":{"0":[0,0],"1":[0,0]},"_coverageSchema":"43e27e138ebf9cfc5966b082cf9a028302ed4184","hash":"a42bd566ac5def5f7c8bea98b9f227ceb3646438"}
,"/Users/ktjhan/Desktop/fh/futurehope-ReactNative/components/AddItem.js": {"path":"/Users/ktjhan/Desktop/fh/futurehope-ReactNative/components/AddItem.js","statementMap":{"0":{"start":{"line":5,"column":16},"end":{"line":17,"column":1}},"1":{"start":{"line":9,"column":4},"end":{"line":16,"column":6}},"2":{"start":{"line":12,"column":67},"end":{"line":12,"column":80}},"3":{"start":{"line":20,"column":15},"end":{"line":42,"column":2}}},"fnMap":{"0":{"name":"(anonymous_0)","decl":{"start":{"line":5,"column":16},"end":{"line":5,"column":17}},"loc":{"start":{"line":5,"column":60},"end":{"line":17,"column":1}},"line":5},"1":{"name":"(anonymous_1)","decl":{"start":{"line":12,"column":61},"end":{"line":12,"column":62}},"loc":{"start":{"line":12,"column":67},"end":{"line":12,"column":80}},"line":12}},"branchMap":{},"s":{"0":1,"1":2,"2":2,"3":1},"f":{"0":2,"1":2},"b":{},"_coverageSchema":"43e27e138ebf9cfc5966b082cf9a028302ed4184","hash":"4613b81d994f5d451c67a7a4cde703813a903119"}
,"/Users/ktjhan/Desktop/fh/futurehope-ReactNative/components/FutureRelease.js": {"path":"/Users/ktjhan/Desktop/fh/futurehope-ReactNative/components/FutureRelease.js","statementMap":{"0":{"start":{"line":11,"column":22},"end":{"line":17,"column":1}},"1":{"start":{"line":12,"column":4},"end":{"line":16,"column":5}},"2":{"start":{"line":19,"column":15},"end":{"line":33,"column":2}}},"fnMap":{"0":{"name":"(anonymous_0)","decl":{"start":{"line":11,"column":22},"end":{"line":11,"column":23}},"loc":{"start":{"line":11,"column":78},"end":{"line":17,"column":1}},"line":11}},"branchMap":{},"s":{"0":1,"1":0,"2":1},"f":{"0":0},"b":{},"_coverageSchema":"43e27e138ebf9cfc5966b082cf9a028302ed4184","hash":"d27048a99066a843bfb9dcc93fbdd13503118220"}
,"/Users/ktjhan/Desktop/fh/futurehope-ReactNative/components/Header.js": {"path":"/Users/ktjhan/Desktop/fh/futurehope-ReactNative/components/Header.js","statementMap":{"0":{"start":{"line":6,"column":15},"end":{"line":19,"column":1}},"1":{"start":{"line":7,"column":20},"end":{"line":7,"column":32}},"2":{"start":{"line":9,"column":8},"end":{"line":9,"column":24}},"3":{"start":{"line":12,"column":4},"end":{"line":18,"column":5}},"4":{"start":{"line":22,"column":15},"end":{"line":40,"column":2}}},"fnMap":{"0":{"name":"(anonymous_0)","decl":{"start":{"line":6,"column":15},"end":{"line":6,"column":16}},"loc":{"start":{"line":6,"column":21},"end":{"line":19,"column":1}},"line":6},"1":{"name":"backHandler","decl":{"start":{"line":8,"column":13},"end":{"line":8,"column":24}},"loc":{"start":{"line":8,"column":27},"end":{"line":10,"column":5}},"line":8}},"branchMap":{},"s":{"0":1,"1":1,"2":0,"3":1,"4":1},"f":{"0":1,"1":0},"b":{},"_coverageSchema":"43e27e138ebf9cfc5966b082cf9a028302ed4184","hash":"63f2413b8354b3608ba2e06f7e40434983273680"}
,"/Users/ktjhan/Desktop/fh/futurehope-ReactNative/components/Home.js": {"path":"/Users/ktjhan/Desktop/fh/futurehope-ReactNative/components/Home.js","statementMap":{"0":{"start":{"line":6,"column":13},"end":{"line":18,"column":1}},"1":{"start":{"line":7,"column":4},"end":{"line":17,"column":5}},"2":{"start":{"line":20,"column":15},"end":{"line":37,"column":2}}},"fnMap":{"0":{"name":"(anonymous_0)","decl":{"start":{"line":6,"column":13},"end":{"line":6,"column":14}},"loc":{"start":{"line":6,"column":39},"end":{"line":18,"column":1}},"line":6}},"branchMap":{},"s":{"0":1,"1":1,"2":1},"f":{"0":1},"b":{},"_coverageSchema":"43e27e138ebf9cfc5966b082cf9a028302ed4184","hash":"4e57fe885f3974fc3c1f5c8634b71af797d68695"}
,"/Users/ktjhan/Desktop/fh/futurehope-ReactNative/components/ListItem.js": {"path":"/Users/ktjhan/Desktop/fh/futurehope-ReactNative/components/ListItem.js","statementMap":{"0":{"start":{"line":8,"column":17},"end":{"line":17,"column":1}},"1":{"start":{"line":9,"column":4},"end":{"line":16,"column":5}},"2":{"start":{"line":13,"column":37},"end":{"line":13,"column":56}},"3":{"start":{"line":20,"column":15},"end":{"line":37,"column":2}}},"fnMap":{"0":{"name":"(anonymous_0)","decl":{"start":{"line":8,"column":17},"end":{"line":8,"column":18}},"loc":{"start":{"line":8,"column":43},"end":{"line":17,"column":1}},"line":8},"1":{"name":"(anonymous_1)","decl":{"start":{"line":13,"column":31},"end":{"line":13,"column":32}},"loc":{"start":{"line":13,"column":37},"end":{"line":13,"column":56}},"line":13}},"branchMap":{},"s":{"0":1,"1":0,"2":0,"3":1},"f":{"0":0,"1":0},"b":{},"_coverageSchema":"43e27e138ebf9cfc5966b082cf9a028302ed4184","hash":"f5a4309848f051f8983ce7d031a2ac16ef724d15"}
,"/Users/ktjhan/Desktop/fh/futurehope-ReactNative/components/NoteTaking.js": {"path":"/Users/ktjhan/Desktop/fh/futurehope-ReactNative/components/NoteTaking.js","statementMap":{"0":{"start":{"line":10,"column":19},"end":{"line":21,"column":1}},"1":{"start":{"line":12,"column":4},"end":{"line":20,"column":5}},"2":{"start":{"line":17,"column":42},"end":{"line":17,"column":90}}},"fnMap":{"0":{"name":"(anonymous_0)","decl":{"start":{"line":10,"column":19},"end":{"line":10,"column":20}},"loc":{"start":{"line":10,"column":75},"end":{"line":21,"column":1}},"line":10},"1":{"name":"(anonymous_1)","decl":{"start":{"line":17,"column":28},"end":{"line":17,"column":29}},"loc":{"start":{"line":17,"column":42},"end":{"line":17,"column":90}},"line":17}},"branchMap":{},"s":{"0":1,"1":1,"2":0},"f":{"0":1,"1":0},"b":{},"_coverageSchema":"43e27e138ebf9cfc5966b082cf9a028302ed4184","hash":"5f8cd3adece7bd48007ee7015ae4fe459a0ff542"}
,"/Users/ktjhan/Desktop/fh/futurehope-ReactNative/components/NoteTakingEdit.js": {"path":"/Users/ktjhan/Desktop/fh/futurehope-ReactNative/components/NoteTakingEdit.js","statementMap":{"0":{"start":{"line":5,"column":17},"end":{"line":30,"column":1}},"1":{"start":{"line":6,"column":19},"end":{"line":6,"column":30}},"2":{"start":{"line":8,"column":32},"end":{"line":8,"column":44}},"3":{"start":{"line":10,"column":4},"end":{"line":17,"column":10}},"4":{"start":{"line":11,"column":8},"end":{"line":16,"column":10}},"5":{"start":{"line":13,"column":12},"end":{"line":15,"column":13}},"6":{"start":{"line":14,"column":16},"end":{"line":14,"column":28}},"7":{"start":{"line":19,"column":4},"end":{"line":29,"column":6}},"8":{"start":{"line":23,"column":67},"end":{"line":23,"column":92}},"9":{"start":{"line":33,"column":15},"end":{"line":70,"column":2}}},"fnMap":{"0":{"name":"(anonymous_0)","decl":{"start":{"line":5,"column":17},"end":{"line":5,"column":18}},"loc":{"start":{"line":5,"column":60},"end":{"line":30,"column":1}},"line":5},"1":{"name":"(anonymous_1)","decl":{"start":{"line":10,"column":20},"end":{"line":10,"column":21}},"loc":{"start":{"line":10,"column":26},"end":{"line":17,"column":5}},"line":10},"2":{"name":"(anonymous_2)","decl":{"start":{"line":11,"column":22},"end":{"line":11,"column":23}},"loc":{"start":{"line":11,"column":27},"end":{"line":16,"column":9}},"line":11},"3":{"name":"(anonymous_3)","decl":{"start":{"line":23,"column":61},"end":{"line":23,"column":62}},"loc":{"start":{"line":23,"column":67},"end":{"line":23,"column":92}},"line":23}},"branchMap":{"0":{"loc":{"start":{"line":13,"column":12},"end":{"line":15,"column":13}},"type":"if","locations":[{"start":{"line":13,"column":12},"end":{"line":15,"column":13}},{"start":{"line":13,"column":12},"end":{"line":15,"column":13}}],"line":13}},"s":{"0":1,"1":0,"2":0,"3":0,"4":0,"5":0,"6":0,"7":0,"8":0,"9":1},"f":{"0":0,"1":0,"2":0,"3":0},"b":{"0":[0,0]},"_coverageSchema":"43e27e138ebf9cfc5966b082cf9a028302ed4184","hash":"a1490316697cd9eb586ce963b21926a98f4d0c7b"}
}
